2026-01-08 15:30:22,711 - INFO - Title test passed
2026-01-08 15:53:44,659 - INFO - Launching browser
2026-01-08 15:53:45,875 - INFO - Title test passed
2026-01-08 16:24:10,269 - INFO - Launching browser
2026-01-08 16:24:13,400 - INFO - Title test passed
2026-01-08 16:25:30,612 - INFO - Launching browser
2026-01-08 16:25:31,770 - INFO - Title test passed
2026-01-08 16:44:50,024 - INFO - Launching browser
2026-01-08 16:44:51,262 - INFO - Title test passed
2026-01-08 16:44:58,932 - INFO - Attempting to download logo PDF
2026-01-08 16:45:03,222 - INFO - Logo PDF downloaded successfully: ['Hirsch-San-Diego-International-Airport-Case-Study-Aug-2024.pdf', 'Training Form.pdf']
2026-01-08 17:07:32,935 - INFO - Launching browser
2026-01-08 17:07:35,304 - INFO - Title test passed
2026-01-08 17:07:42,723 - INFO - Attempting to download logo PDF
2026-01-08 17:07:47,063 - INFO - Logo PDF downloaded successfully: ['Hirsch-San-Diego-International-Airport-Case-Study-Aug-2024 (1).pdf', 'Hirsch-San-Diego-International-Airport-Case-Study-Aug-2024.pdf', 'Training Form.pdf']
2026-01-08 17:08:40,646 - INFO - Launching browser
2026-01-08 17:08:41,867 - INFO - Title test passed
2026-01-08 17:09:27,120 - INFO - Footer link opened: https://www.hirschsecure.com/
2026-01-08 17:09:35,981 - INFO - Launching browser
2026-01-08 17:09:37,175 - INFO - Title test passed
2026-01-08 17:10:23,564 - INFO - Footer link opened: https://www.hirschsecure.com/
2026-01-08 17:10:38,071 - INFO - Launching browser
2026-01-08 17:10:39,262 - INFO - Title test passed
2026-01-08 17:11:26,301 - INFO - Footer link opened: https://www.hirschsecure.com/
2026-01-08 17:15:24,601 - INFO - Launching browser
2026-01-08 17:15:27,090 - INFO - Title test passed
2026-01-08 17:16:13,887 - INFO - Footer link opened: https://www.hirschsecure.com/
2026-01-08 17:16:24,164 - INFO - Launching browser
2026-01-08 17:16:25,414 - INFO - Title test passed
2026-01-08 17:17:11,215 - INFO - Footer link opened: https://www.hirschsecure.com/
2026-01-08 17:23:58,824 - INFO - Launching browser
2026-01-08 17:24:00,067 - INFO - Title test passed
2026-01-08 17:24:07,979 - INFO - Switched to footer link tab
2026-01-08 17:24:14,252 - INFO - Footer page loaded successfully. Element text: UNIFIED SECURITY, LIMITLESS POSSIBILITIES
2026-01-08 17:28:05,873 - INFO - Launching browser
2026-01-08 17:28:07,092 - INFO - Title test passed
2026-01-08 17:28:15,367 - INFO - Switched to footer link tab
2026-01-08 17:28:41,008 - ERROR - Footer page element validation FAILED
2026-01-08 17:28:41,008 - ERROR - Message: stale element reference: stale element not found
  (Session info: chrome=143.0.7499.170); For documentation on this error, please visit: https://www.selenium.dev/documentation/webdriver/troubleshooting/errors#staleelementreferenceexception
Stacktrace:
Symbols not available. Dumping unresolved backtrace:
	0x7ff72b2588d5
	0x7ff72b258930
	0x7ff72b03165d
	0x7ff72b047ed3
	0x7ff72b0469d3
	0x7ff72b03a006
	0x7ff72b03a166
	0x7ff72b037f4c
	0x7ff72b03c74e
	0x7ff72b0dc05f
	0x7ff72b0b1fda
	0x7ff72b0dac97
	0x7ff72b07ac29
	0x7ff72b07ba93
	0x7ff72b570620
	0x7ff72b56af60
	0x7ff72b5896c6
	0x7ff72b275dd4
	0x7ff72b27ed7c
	0x7ff72b261ff4
	0x7ff72b2621a5
	0x7ff72b247ed2
	0x7ffb92d4e8d7
	0x7ffb9500c53c

2026-01-08 17:30:15,022 - INFO - Launching browser
2026-01-08 17:30:16,262 - INFO - Title test passed
2026-01-08 17:30:24,439 - INFO - Switched to footer link tab
2026-01-08 17:31:05,187 - ERROR - Footer page element validation FAILED
2026-01-08 17:31:05,187 - ERROR - Message: element click intercepted: Element <a class="link" href="/company/contact">...</a> is not clickable at point (648, 495). Other element would receive the click: <p class="legal">...</p>
  (Session info: chrome=143.0.7499.170); For documentation on this error, please visit: https://www.selenium.dev/documentation/webdriver/troubleshooting/errors#elementclickinterceptedexception
Stacktrace:
Symbols not available. Dumping unresolved backtrace:
	0x7ff72b2588d5
	0x7ff72b258930
	0x7ff72b03165d
	0x7ff72b0919e8
	0x7ff72b08f40f
	0x7ff72b08c417
	0x7ff72b08b338
	0x7ff72b07ce7f
	0x7ff72b0b1fda
	0x7ff72b07c746
	0x7ff72b0dac97
	0x7ff72b07ac29
	0x7ff72b07ba93
	0x7ff72b570620
	0x7ff72b56af60
	0x7ff72b5896c6
	0x7ff72b275dd4
	0x7ff72b27ed7c
	0x7ff72b261ff4
	0x7ff72b2621a5
	0x7ff72b247ed2
	0x7ffb92d4e8d7
	0x7ffb9500c53c

2026-01-09 09:33:40,737 - INFO - Switched to footer link tab
2026-01-09 09:34:57,844 - INFO - Footer page loaded successfully - Contact link clicked
2026-01-09 09:35:11,006 - INFO - Launching browser
2026-01-09 09:35:12,843 - INFO - Title test passed
2026-01-09 09:35:20,167 - INFO - Switched to footer link tab
2026-01-09 09:36:19,944 - INFO - Footer page loaded successfully - Contact link clicked
2026-01-09 09:39:08,992 - INFO - Launching browser
2026-01-09 09:39:10,199 - INFO - Title test passed
2026-01-09 09:39:17,664 - INFO - Switched to footer link tab
2026-01-09 09:40:17,673 - INFO - Footer page loaded successfully - Contact link clicked
2026-01-09 09:45:43,426 - INFO - Launching browser
2026-01-09 09:45:44,617 - INFO - Title test passed
2026-01-09 09:45:51,700 - INFO - Switched to footer link tab
2026-01-09 09:47:00,379 - INFO - Footer page loaded successfully - Contact link clicked
2026-01-09 09:47:00,459 - INFO - Closed tab and switched back to main tab
2026-01-09 10:07:05,870 - INFO - Launching browser
2026-01-09 10:07:08,495 - INFO - Title test passed
2026-01-09 10:10:44,107 - INFO - Launching browser
2026-01-09 10:10:45,325 - INFO - Title test passed
2026-01-09 10:10:54,659 - ERROR - Negative test failed for phone number: Message: 
Stacktrace:
Symbols not available. Dumping unresolved backtrace:
	0x7ff72b2588d5
	0x7ff72b258930
	0x7ff72b03165d
	0x7ff72b089a33
	0x7ff72b089d3c
	0x7ff72b0ddf67
	0x7ff72b0dac97
	0x7ff72b07ac29
	0x7ff72b07ba93
	0x7ff72b570620
	0x7ff72b56af60
	0x7ff72b5896c6
	0x7ff72b275dd4
	0x7ff72b27ed7c
	0x7ff72b261ff4
	0x7ff72b2621a5
	0x7ff72b247ed2
	0x7ffb92d4e8d7
	0x7ffb9500c53c

2026-01-09 10:12:21,488 - INFO - Launching browser
2026-01-09 10:12:22,732 - INFO - Title test passed
2026-01-09 10:12:31,639 - ERROR - Negative test failed for phone number: Message: 
Stacktrace:
Symbols not available. Dumping unresolved backtrace:
	0x7ff72b2588d5
	0x7ff72b258930
	0x7ff72b03165d
	0x7ff72b089a33
	0x7ff72b089d3c
	0x7ff72b0ddf67
	0x7ff72b0dac97
	0x7ff72b07ac29
	0x7ff72b07ba93
	0x7ff72b570620
	0x7ff72b56af60
	0x7ff72b5896c6
	0x7ff72b275dd4
	0x7ff72b27ed7c
	0x7ff72b261ff4
	0x7ff72b2621a5
	0x7ff72b247ed2
	0x7ffb92d4e8d7
	0x7ffb9500c53c

2026-01-09 10:16:34,250 - INFO - Launching browser
2026-01-09 10:16:36,530 - INFO - Title test passed
2026-01-09 10:16:43,471 - INFO - Negative test passed for phone number - form prevented submission with invalid data
2026-01-09 10:17:34,350 - INFO - Launching browser
2026-01-09 10:17:35,529 - INFO - Title test passed
2026-01-09 10:17:42,785 - INFO - Negative test passed for phone number - form prevented submission with invalid data
2026-01-09 10:41:57,693 - INFO - Launching browser
2026-01-09 10:42:00,257 - INFO - Title test passed
2026-01-09 10:42:09,114 - INFO - Negative test passed for phone number - form prevented submission with invalid data
2026-01-09 10:43:39,258 - INFO - Launching browser
2026-01-09 10:43:40,482 - INFO - Title test passed
2026-01-09 10:43:48,336 - ERROR - Negative test failed for phone number: No validation error detected
2026-01-09 10:46:13,718 - INFO - Launching browser
2026-01-09 10:46:14,923 - INFO - Title test passed
2026-01-09 10:46:21,721 - INFO - Negative test passed for phone number - form prevented submission with invalid data
2026-01-09 10:51:26,376 - INFO - Launching browser
2026-01-09 10:51:27,582 - INFO - Title test passed
2026-01-09 10:51:31,031 - INFO - Phone number accepted
2026-01-09 10:53:28,313 - INFO - Launching browser
2026-01-09 10:53:29,491 - INFO - Title test passed
2026-01-09 10:53:32,909 - INFO - Phone number accepted
2026-01-09 10:53:33,254 - INFO - Entered invalid phone number: abcd123
2026-01-09 10:53:34,359 - INFO - Clicked submit button
2026-01-09 10:53:37,407 - INFO - Negative test PASSED - form prevented submission with invalid data
2026-01-09 10:54:11,459 - INFO - Launching browser
2026-01-09 10:54:12,764 - INFO - Title test passed
2026-01-09 10:54:16,192 - INFO - Phone number accepted
2026-01-09 10:54:16,543 - INFO - Entered invalid phone number: abcd123
2026-01-09 10:54:17,619 - INFO - Clicked submit button
2026-01-09 10:54:20,662 - INFO - Negative test PASSED - form prevented submission with invalid data
2026-01-09 10:54:58,331 - INFO - Launching browser
2026-01-09 10:54:59,605 - INFO - Title test passed
2026-01-09 10:55:04,985 - INFO - Phone number accepted
2026-01-09 10:55:05,348 - INFO - Entered invalid phone number: abcd123
2026-01-09 10:55:06,570 - INFO - Clicked submit button
2026-01-09 10:55:19,623 - INFO - Negative test PASSED - form prevented submission with invalid data
2026-01-09 11:01:50,153 - INFO - Launching browser
2026-01-09 11:01:51,370 - INFO - Title test passed
2026-01-09 11:01:56,760 - INFO - Phone number accepted
2026-01-09 11:03:31,965 - INFO - Launching browser
2026-01-09 11:03:33,192 - INFO - Title test passed
2026-01-09 11:04:10,263 - INFO - Launching browser
2026-01-09 11:04:11,455 - INFO - Title test passed
2026-01-09 11:04:13,588 - INFO - Form submitted successfully
2026-01-09 11:04:34,030 - INFO - Launching browser
2026-01-09 11:04:35,211 - INFO - Title test passed
2026-01-09 11:04:36,902 - INFO - Form submitted successfully
2026-01-09 11:05:13,099 - INFO - Launching browser
2026-01-09 11:05:14,240 - INFO - Title test passed
2026-01-09 11:05:19,832 - INFO - Form submitted successfully
2026-01-09 11:07:08,311 - INFO - Launching browser
2026-01-09 11:07:09,502 - INFO - Title test passed
2026-01-09 11:07:15,333 - ERROR - Form submission blocked due to invalid phone number
2026-01-09 12:21:41,611 - INFO - Launching browser
2026-01-09 12:21:43,920 - INFO - Title test passed: 'Training Form'
2026-01-09 12:21:43,920 - INFO - Filling contact info: name- Raksha , email- 123@gmail.com , phone number-1231231230, dob-01082005
2026-01-09 12:21:45,990 - INFO - Filling education info
2026-01-09 12:21:48,629 - INFO - Attempting to download logo PDF
2026-01-09 12:21:52,855 - INFO - PDF downloaded successfully: ['Hirsch-San-Diego-International-Airport-Case-Study-Aug-2024.pdf']
2026-01-09 12:21:53,425 - INFO - Switched to footer link tab
2026-01-09 12:22:55,944 - INFO - Footer page loaded successfully - Contact link clicked
2026-01-09 12:22:56,035 - INFO - Closed tab and switched back to main tab
2026-01-09 12:24:17,262 - INFO - Launching browser
2026-01-09 12:24:18,496 - INFO - Title test passed: 'Training Form'
2026-01-09 12:24:18,496 - INFO - Filling contact info: name- Raksha , email- 123@gmail.com , phone number-1231231230, dob-01082005
2026-01-09 12:24:19,649 - INFO - Filling education info
2026-01-09 12:24:22,771 - INFO - Switched to footer link tab
2026-01-09 12:24:48,041 - INFO - Footer page loaded successfully - Contact link clicked
2026-01-09 12:24:48,077 - INFO - Closed new tab and switched back to main tab
2026-01-09 12:25:02,223 - INFO - Launching browser
2026-01-09 12:25:03,429 - INFO - Title test passed: 'Training Form'
2026-01-09 12:25:03,429 - INFO - Filling contact info: name- Raksha , email- 123@gmail.com , phone number-1231231230, dob-01082005
2026-01-09 12:25:04,472 - INFO - Filling education info
2026-01-09 12:25:07,381 - INFO - Switched to footer link tab
2026-01-09 12:26:06,649 - INFO - Footer page loaded successfully - Contact link clicked
2026-01-09 12:26:06,717 - INFO - Closed new tab and switched back to main tab
2026-01-09 12:33:14,546 - INFO - Launching browser
2026-01-09 12:33:15,987 - INFO - Title test passed: 'Training Form'
2026-01-09 12:33:16,310 - INFO - Switched to footer link tab
2026-01-09 12:34:18,558 - INFO - Footer page loaded successfully - Contact link clicked
2026-01-09 12:34:18,596 - INFO - Switched back to main tab
2026-01-09 12:36:09,261 - INFO - Launching browser
2026-01-09 12:36:10,472 - INFO - Title test passed: 'Training Form'
2026-01-09 12:36:10,643 - INFO - Switched to footer link tab
2026-01-09 12:36:51,576 - INFO - Footer page loaded successfully - Contact link clicked
2026-01-09 12:36:51,655 - INFO - Footer tab closed
2026-01-09 12:36:51,657 - INFO - Switched back to main tab
2026-01-09 12:38:15,182 - INFO - Launching browser
2026-01-09 12:38:16,414 - INFO - Title test passed: 'Training Form'
2026-01-09 12:38:16,583 - INFO - Switched to footer link tab
2026-01-09 12:39:28,918 - INFO - Footer page loaded successfully - Contact link clicked
2026-01-09 12:39:29,009 - INFO - Footer tab closed
2026-01-09 12:39:34,010 - INFO - Switched back to main tab
2026-01-09 14:24:32,044 - INFO - Launching browser
2026-01-09 14:24:34,482 - INFO - Title test passed: 'Training Form'
2026-01-09 14:24:34,918 - INFO - Switched to footer link tab
2026-01-09 14:25:37,445 - INFO - Footer page loaded successfully - Contact link clicked
2026-01-09 14:25:37,608 - INFO - Footer tab closed
2026-01-09 14:25:42,610 - INFO - Switched back to main tab
2026-01-09 14:33:37,029 - INFO - Launching browser
2026-01-09 14:33:38,281 - INFO - Title test passed: 'Training Form'
2026-01-09 14:33:38,600 - INFO - Switched to footer link tab
2026-01-09 14:34:05,889 - INFO - Footer page loaded successfully - Contact link clicked
2026-01-09 14:34:05,983 - INFO - Footer tab closed
2026-01-09 14:34:06,016 - INFO - Switched back to parent tab
2026-01-09 14:35:38,811 - INFO - Launching browser
2026-01-09 14:35:40,051 - INFO - Title test passed: 'Training Form'
2026-01-09 14:35:50,936 - ERROR - Footer page element validation FAILED
2026-01-09 14:35:50,937 - ERROR - Message: 
Stacktrace:
Symbols not available. Dumping unresolved backtrace:
	0x7ff72b2588d5
	0x7ff72b258930
	0x7ff72b03165d
	0x7ff72b089a33
	0x7ff72b089d3c
	0x7ff72b0ddf67
	0x7ff72b0dac97
	0x7ff72b07ac29
	0x7ff72b07ba93
	0x7ff72b570620
	0x7ff72b56af60
	0x7ff72b5896c6
	0x7ff72b275dd4
	0x7ff72b27ed7c
	0x7ff72b261ff4
	0x7ff72b2621a5
	0x7ff72b247ed2
	0x7ffb92d4e8d7
	0x7ffb9500c53c

2026-01-09 14:36:19,123 - INFO - Launching browser
2026-01-09 14:36:20,335 - INFO - Title test passed: 'Training Form'
2026-01-09 14:36:20,575 - INFO - Switched to footer link tab
2026-01-09 14:37:20,938 - INFO - Footer page loaded successfully - Contact link clicked
2026-01-09 14:37:21,028 - INFO - Footer tab closed
2026-01-09 14:37:25,043 - INFO - Switched back to parent tab
2026-01-09 14:38:10,143 - INFO - Launching browser
2026-01-09 14:38:11,370 - INFO - Title test passed: 'Training Form'
2026-01-09 14:38:11,718 - INFO - Switched to footer link tab
2026-01-09 14:38:53,569 - INFO - Footer page loaded successfully - Contact link clicked
2026-01-09 14:38:53,750 - INFO - Footer tab closed
2026-01-09 14:38:54,752 - INFO - Switched back to parent tab
2026-01-09 14:39:15,435 - INFO - Launching browser
2026-01-09 14:39:16,701 - INFO - Title test passed: 'Training Form'
2026-01-09 14:39:16,989 - INFO - Switched to footer link tab
2026-01-09 14:39:43,739 - INFO - Footer page loaded successfully - Contact link clicked
2026-01-09 14:39:43,837 - INFO - Footer tab closed
2026-01-09 14:39:53,848 - INFO - Switched back to parent tab
2026-01-09 14:40:34,926 - INFO - Launching browser
2026-01-09 14:40:36,156 - INFO - Title test passed: 'Training Form'
2026-01-09 14:40:36,450 - INFO - Switched to footer link tab
2026-01-09 14:41:25,595 - INFO - Footer page loaded successfully - Contact link clicked
2026-01-09 14:41:25,701 - INFO - Footer tab closed
2026-01-09 14:41:35,703 - INFO - Switched back to parent tab
2026-01-09 14:42:03,492 - INFO - Launching browser
2026-01-09 14:42:04,716 - INFO - Title test passed: 'Training Form'
2026-01-09 14:42:05,057 - INFO - Switched to footer link tab
2026-01-09 14:42:58,070 - INFO - Footer page loaded successfully - Contact link clicked
2026-01-09 14:42:58,221 - INFO - Footer tab closed
2026-01-09 14:43:03,222 - INFO - Switched back to parent tab
2026-01-09 14:43:32,959 - INFO - Launching browser
2026-01-09 14:43:34,280 - INFO - Title test passed: 'Training Form'
2026-01-09 14:43:34,611 - INFO - Switched to footer link tab
2026-01-09 14:44:15,682 - INFO - Footer page loaded successfully - Contact link clicked
2026-01-09 14:44:15,765 - INFO - Footer tab closed
2026-01-09 14:44:20,767 - INFO - Switched back to parent tab
2026-01-09 14:45:02,735 - INFO - Launching browser
2026-01-09 14:45:03,957 - INFO - Title test passed: 'Training Form'
2026-01-09 14:45:04,208 - INFO - Switched to footer link tab
2026-01-09 14:46:17,156 - INFO - Footer page loaded successfully - Contact link clicked
2026-01-09 14:46:17,258 - INFO - Footer tab closed
2026-01-09 14:46:22,290 - INFO - Switched back to parent tab
2026-01-09 14:49:00,989 - INFO - Launching browser
2026-01-09 14:49:02,208 - INFO - Title test passed: 'Training Form'
2026-01-09 14:49:02,524 - INFO - Switched to footer link tab
2026-01-09 14:50:30,909 - INFO - Footer page loaded successfully - Contact link clicked
2026-01-09 14:50:30,909 - INFO - Footer tab closed
2026-01-09 14:50:35,961 - INFO - Switched back to parent tab
2026-01-09 14:52:09,482 - INFO - Launching browser
2026-01-09 14:52:10,774 - INFO - Title test passed: 'Training Form'
2026-01-09 14:52:11,037 - INFO - Switched to footer link tab
2026-01-09 14:53:28,472 - INFO - Footer page loaded successfully - Contact link clicked
2026-01-09 14:53:28,474 - INFO - Footer tab closed
2026-01-09 14:53:33,475 - INFO - Switched back to parent tab
2026-01-09 14:55:28,614 - INFO - Launching browser
2026-01-09 14:55:29,877 - INFO - Title test passed: 'Training Form'
2026-01-09 14:55:30,194 - INFO - Switched to footer link tab
2026-01-09 14:55:30,194 - INFO - Footer tab closed
2026-01-09 14:55:35,196 - INFO - Switched back to parent tab
2026-01-09 14:55:44,335 - INFO - Launching browser
2026-01-09 14:55:45,557 - INFO - Title test passed: 'Training Form'
2026-01-09 14:55:46,024 - INFO - Switched to footer link tab
2026-01-09 14:55:46,024 - INFO - Footer tab closed
2026-01-09 14:55:51,025 - INFO - Switched back to parent tab
2026-01-09 14:56:53,225 - INFO - Launching browser
2026-01-09 14:56:54,489 - INFO - Title test passed: 'Training Form'
2026-01-09 14:56:54,839 - INFO - Switched to footer link tab
2026-01-09 14:56:54,839 - INFO - Footer tab closed
2026-01-09 14:56:59,843 - INFO - Switched back to parent tab
2026-01-09 14:58:54,128 - INFO - Launching browser
2026-01-09 14:58:55,413 - INFO - Title test passed: 'Training Form'
2026-01-09 14:58:55,805 - INFO - Switched to footer link tab
2026-01-09 14:58:57,808 - INFO - Footer tab closed
2026-01-09 14:59:02,809 - INFO - Switched back to parent tab
2026-01-09 15:00:25,667 - INFO - Launching browser
2026-01-09 15:00:26,916 - INFO - Title test passed: 'Training Form'
2026-01-09 15:00:27,252 - INFO - Switched to footer link tab
2026-01-09 15:00:29,253 - INFO - Footer tab closed
2026-01-09 15:00:34,255 - INFO - Switched back to parent tab
2026-01-09 15:04:41,719 - INFO - Launching browser
2026-01-09 15:04:42,966 - INFO - Title test passed: 'Training Form'
2026-01-09 15:04:43,294 - INFO - Switched to footer link tab
2026-01-09 15:05:48,671 - INFO - Footer page loaded successfully - Contact link clicked
2026-01-09 15:05:49,790 - INFO - Footer tab closed
2026-01-09 15:05:51,806 - INFO - Switched back to parent tab
2026-01-09 15:06:35,843 - INFO - Launching browser
2026-01-09 15:06:37,078 - INFO - Title test passed: 'Training Form'
2026-01-09 15:06:37,393 - INFO - Switched to footer link tab
2026-01-09 15:07:56,862 - INFO - Footer page loaded successfully - Contact link clicked
2026-01-09 15:07:57,992 - INFO - Footer tab closed
2026-01-09 15:08:00,034 - INFO - Switched back to parent tab
2026-01-09 15:12:08,619 - INFO - Launching browser
2026-01-09 15:12:09,878 - INFO - Title test passed: 'Training Form'
2026-01-09 15:12:10,178 - INFO - Switched to footer link tab
2026-01-09 15:13:15,752 - INFO - Footer page loaded successfully - Contact link clicked
2026-01-09 15:13:15,752 - INFO - Footer tab closed
2026-01-09 15:13:20,809 - INFO - Switched back to parent tab
2026-01-09 15:39:40,378 - INFO - Launching browser
2026-01-09 15:39:42,641 - INFO - Title test passed: 'Training Form'
2026-01-09 15:39:42,875 - INFO - Switched to footer link tab
2026-01-09 15:41:16,900 - INFO - Footer page loaded successfully - Contact link clicked
2026-01-09 15:41:16,900 - INFO - Footer tab closed
2026-01-09 15:41:21,947 - INFO - Switched back to parent tab
2026-01-09 16:21:01,312 - INFO - Launching browser
2026-01-09 16:21:03,801 - INFO - Title test passed: 'Training Form'
2026-01-09 16:21:03,963 - INFO - Opened footer link 1
2026-01-09 16:21:03,989 - INFO - Switched to footer link tab 1
2026-01-09 16:21:31,490 - INFO - Footer page 1 loaded successfully - Contact link clicked
2026-01-09 16:23:46,914 - INFO - Launching browser
2026-01-09 16:23:48,140 - INFO - Title test passed: 'Training Form'
2026-01-09 16:23:48,289 - INFO - Opened footer link 1
2026-01-09 16:23:48,309 - INFO - Switched to footer link tab 1
2026-01-09 16:24:29,421 - INFO - Footer page 1 loaded successfully - Contact link is accessible and clickable
2026-01-09 16:27:06,558 - INFO - Launching browser
2026-01-09 16:27:07,880 - INFO - Title test passed: 'Training Form'
2026-01-09 16:27:08,097 - INFO - Opened footer link 1
2026-01-09 16:27:08,113 - INFO - Switched to footer link tab 1
2026-01-09 16:27:49,319 - INFO - Footer page 1 loaded successfully - Contact link is accessible and clickable
2026-01-09 16:27:51,945 - INFO - Opened footer link 2
2026-01-09 16:27:52,027 - INFO - Switched to footer link tab 2
2026-01-09 16:28:30,078 - INFO - Footer page 2 loaded successfully - Contact link is accessible and clickable
2026-01-09 16:28:32,240 - INFO - Opened footer link 3
2026-01-09 16:28:32,264 - INFO - Switched to footer link tab 3
2026-01-09 16:29:10,393 - INFO - Footer page 3 loaded successfully - Contact link is accessible and clickable
2026-01-09 16:29:12,470 - INFO - Closed the last opened footer tab
2026-01-09 16:29:14,471 - INFO - Switched back to main tab
2026-01-09 16:30:44,799 - INFO - Launching browser
2026-01-09 16:30:46,049 - INFO - Title test passed: 'Training Form'
2026-01-09 16:30:46,218 - INFO - Opened footer link 1
2026-01-09 16:30:46,244 - INFO - Switched to footer link tab 1
2026-01-09 16:31:26,987 - INFO - Footer page 1 loaded successfully - Contact link is accessible and clickable
2026-01-09 16:31:29,157 - INFO - Opened footer link 2
2026-01-09 16:31:29,174 - INFO - Switched to footer link tab 2
2026-01-09 16:32:05,006 - INFO - Footer page 2 loaded successfully - Contact link is accessible and clickable
2026-01-09 16:32:07,187 - INFO - Opened footer link 3
2026-01-09 16:32:07,215 - INFO - Switched to footer link tab 3
2026-01-09 16:32:45,723 - INFO - Footer page 3 loaded successfully - Contact link is accessible and clickable
2026-01-09 16:32:47,806 - INFO - Closed the last opened footer tab
2026-01-09 16:32:49,809 - INFO - Switched back to main tab
2026-01-09 16:40:26,696 - INFO - Launching browser
2026-01-09 16:40:27,945 - INFO - Title test passed: 'Training Form'
2026-01-09 16:40:27,945 - INFO - Filling contact info: name- Raksha , email- 123@gmail.com , phone number-1231231230, dob-01082005
2026-01-09 16:40:28,515 - INFO - Filling education info
2026-01-09 16:40:30,830 - INFO - Attempting to download logo PDF
2026-01-09 16:40:34,984 - INFO - PDF downloaded successfully: ['Hirsch-San-Diego-International-Airport-Case-Study-Aug-2024 (1).pdf', 'Hirsch-San-Diego-International-Airport-Case-Study-Aug-2024 (2).pdf', 'Hirsch-San-Diego-International-Airport-Case-Study-Aug-2024 (3).pdf', 'Hirsch-San-Diego-International-Airport-Case-Study-Aug-2024 (4).pdf', 'Hirsch-San-Diego-International-Airport-Case-Study-Aug-2024.pdf']
2026-01-09 16:40:35,135 - INFO - Opened footer link 1
2026-01-09 16:40:35,161 - INFO - Switched to footer link tab 1
2026-01-09 16:41:18,344 - INFO - Footer page 1 loaded successfully - Contact link is accessible and clickable
2026-01-09 16:41:20,707 - INFO - Opened footer link 2
2026-01-09 16:41:20,733 - INFO - Switched to footer link tab 2
2026-01-09 16:41:56,268 - INFO - Footer page 2 loaded successfully - Contact link is accessible and clickable
2026-01-09 16:41:58,434 - INFO - Opened footer link 3
2026-01-09 16:41:58,462 - INFO - Switched to footer link tab 3
2026-01-09 16:42:31,735 - INFO - Footer page 3 loaded successfully - Contact link is accessible and clickable
2026-01-09 16:42:33,842 - INFO - Closed the last opened footer tab
2026-01-09 16:42:35,842 - INFO - Switched back to main tab
2026-01-09 16:42:39,271 - INFO - Form submitted successfully
